********************************************************************************
DUPLICATOR-LITE PACKAGE-LOG: November 24, 2025 10:17 pm
NOTICE: Do NOT post to public sites or forums 
********************************************************************************
VERSION:	1.5.7.1
WORDPRESS:	6.8.3
PHP INFO:	8.1.9 | SAPI: apache2handler
SERVER:		Apache 
PHP TIME LIMIT: (0) no time limit imposed 
PHP MAX MEMORY: 4294967296 (1536M default) 
MEMORY STACK: 44MB

********************************************************************************
DATABASE:
********************************************************************************
BUILD MODE:   MYSQLDUMP
MYSQLTIMEOUT: 5000
MYSQLDUMP:    Is Supported
SQL CREATED: xraIRbWbmCo7t_b56deb1c4b9f1a679001_20251124221717_database.sql
SQL FILE SIZE: 769.26KB (787726)
SQL FILE TIME: 2025-11-24 22:17:37
SQL RUNTIME: 4.90 sec.

********************************************************************************
ARCHIVE (ZIP):
********************************************************************************
ARCHIVE DIR:  C:/OSPanel/domains/Kaziki
ARCHIVE FILE: xraIRbWbmCo7t_b56deb1c4b9f1a679001_20251124221717_archive.zip
FILTERS: *OFF*
DIRS:
	not set
FILES:
	not set
EXTS:  not set
----------------------------------------
COMPRESSING
SIZE:	88.76MB
STATS:	Dirs 654 | Files 4,627
SQL ADDED: xraIRbWbmCo7t_b56deb1c4b9f1a679001_20251124221717_database.sql
ZipArchive Object
(
    [lastId] => 5280
    [status] => 0
    [statusSys] => 0
    [numFiles] => 5281
    [filename] => C:\OSPanel\domains\Kaziki\wp-content\backups-dup-lite\tmp\xraIRbWbmCo7t_b56deb1c4b9f1a679001_20251124221717_archive.zip
    [comment] => 
)

FILE ADDED TO ZIP: 5280
COMPRESSION RESULT: '1'
COMPRESSED SIZE: 32.86MB
ARCHIVE RUNTIME: 14.09 sec.
MEMORY STACK: 46MB
building installer
ARCHIVE CONSISTENCY TEST: PASS

********************************************************************************
INTEGRITY CHECKS:
********************************************************************************
SQL FILE: 769.26KB
INSTALLER FILE: 73.47KB
ARCHIVE FILE: 34.7MB 
EXPECTED FILE/DIRECTORY COUNT: 5,281
ACTUAL FILE/DIRECTORY COUNT: 5,280
ARCHIVE CONSISTENCY TEST: Pass

********************************************************************************
RECORD ID:[3]
TOTAL PROCESS RUNTIME: 21.41 sec.
PEAK PHP MEMORY USED: 46MB
DONE PROCESSING => xraIRbWbmCo7t November 24, 2025 10:17 pm

